<?xml version="1.0" encoding="UTF-8"?>
<!-- Generated by org.testng.reporters.JUnitReportReporter -->
<testsuite hostname="MTLP-1003" failures="0" tests="4" name="vinaykumar.TypesofTests2" time="0.009" errors="0" timestamp="2024-03-15T09:41:40 IST" skipped="0">
  <testcase classname="vinaykumar.TypesofTests2" name="test8" time="0.001"/>
  <testcase classname="vinaykumar.TypesofTests2" name="test7" time="0.004"/>
  <testcase classname="vinaykumar.TypesofTests2" name="test5" time="0.002"/>
  <testcase classname="vinaykumar.TypesofTests2" name="test6" time="0.002"/>
</testsuite> <!-- vinaykumar.TypesofTests2 -->
