<?xml version="1.0" encoding="UTF-8"?>
<!-- Generated by org.testng.reporters.JUnitReportReporter -->
<testsuite hostname="MTLP-1003" failures="0" tests="3" name="hyr.Test1" time="20.745" errors="0" timestamp="2024-03-18T15:09:56 IST" skipped="0">
  <testcase classname="hyr.Test1" name="testAmazon" time="6.152"/>
  <testcase classname="hyr.Test1" name="testGoogle" time="6.621"/>
  <testcase classname="hyr.Test1" name="testKeka" time="7.972"/>
</testsuite> <!-- hyr.Test1 -->
