<?xml version="1.0" encoding="UTF-8"?>
<!-- Generated by org.testng.reporters.JUnitReportReporter -->
<testsuite hostname="MTLP-1003" failures="0" tests="1" name="listeners.LoginTest" time="0.024" errors="0" timestamp="2024-03-18T12:54:04 IST" skipped="0">
  <testcase classname="listeners.LoginTest" name="loginByEmail" time="0.024"/>
</testsuite> <!-- listeners.LoginTest -->
