<?xml version="1.0" encoding="UTF-8"?>
<!-- Generated by org.testng.reporters.JUnitReportReporter -->
<testsuite hostname="MTLP-1003" failures="0" tests="2" name="vinaykumar.PartialData" time="0.008" errors="0" timestamp="2024-03-22T14:17:36 IST" skipped="0">
  <testcase classname="vinaykumar.PartialData" name="print" time="0.001"/>
  <testcase classname="vinaykumar.PartialData" name="print" time="0.007"/>
</testsuite> <!-- vinaykumar.PartialData -->
