<?xml version="1.0" encoding="UTF-8"?>
<!-- Generated by org.testng.reporters.JUnitReportReporter -->
<testsuite hostname="MTLP-1003" failures="0" tests="1" name="vinaykumar.Vinay1" time="16.801" errors="0" timestamp="2024-03-18T11:28:32 IST" skipped="0">
  <testcase classname="vinaykumar.Vinay1" name="testGoogle" time="16.801"/>
</testsuite> <!-- vinaykumar.Vinay1 -->
