<?xml version="1.0" encoding="UTF-8"?>
<!-- Generated by org.testng.reporters.JUnitReportReporter -->
<testsuite hostname="MTLP-1003" failures="0" tests="3" name="vinaykumar.TestDependency" time="0.027" errors="0" timestamp="2024-03-15T13:13:36 IST" skipped="0">
  <testcase classname="vinaykumar.TestDependency" name="vinay" time="0.002"/>
  <testcase classname="vinaykumar.TestDependency" name="mallela" time="0.023"/>
  <testcase classname="vinaykumar.TestDependency" name="prasad" time="0.002"/>
</testsuite> <!-- vinaykumar.TestDependency -->
