<?xml version="1.0" encoding="UTF-8"?>
<!-- Generated by org.testng.reporters.JUnitReportReporter -->
<testsuite hostname="MTLP-1003" failures="0" tests="2" name="vinaykumar.BrowserStack" time="17.806" errors="0" timestamp="2024-03-22T14:25:46 IST" skipped="0">
  <testcase classname="vinaykumar.BrowserStack" name="testLogin" time="8.502"/>
  <testcase classname="vinaykumar.BrowserStack" name="testLogin" time="9.304"/>
</testsuite> <!-- vinaykumar.BrowserStack -->
