<?xml version="1.0" encoding="UTF-8"?>
<!-- Generated by org.testng.reporters.JUnitReportReporter -->
<testsuite hostname="MTLP-1003" failures="0" tests="1" name="vinaykumar.AnnotattionsTest" time="0.016" errors="0" timestamp="2024-03-14T16:48:53 IST" skipped="0">
  <testcase classname="vinaykumar.AnnotattionsTest" name="testMethod" time="0.016"/>
</testsuite> <!-- vinaykumar.AnnotattionsTest -->
