<?xml version="1.0" encoding="UTF-8"?>
<!-- Generated by org.testng.reporters.JUnitReportReporter -->
<testsuite hostname="MTLP-1003" failures="0" tests="4" name="vinaykumar.TypesofTests" time="0.015" errors="0" timestamp="2024-03-15T09:41:40 IST" skipped="0">
  <testcase classname="vinaykumar.TypesofTests" name="test3" time="0.002"/>
  <testcase classname="vinaykumar.TypesofTests" name="test4" time="0.001"/>
  <testcase classname="vinaykumar.TypesofTests" name="test2" time="0.001"/>
  <testcase classname="vinaykumar.TypesofTests" name="test1" time="0.011"/>
</testsuite> <!-- vinaykumar.TypesofTests -->
